<?xml version="1.0" encoding="UTF-8"?>
<testsuite name="labs.CarTest" tests="1" skipped="0" failures="0" errors="0" timestamp="2022-11-23T06:59:22" hostname="DESKTOP-M0PBPS3" time="0.494">
  <properties/>
  <testcase name="testEqualCar" classname="labs.CarTest" time="0.494"/>
  <system-out><![CDATA[]]></system-out>
  <system-err><![CDATA[нояб. 23, 2022 8:59:22 AM org.hibernate.validator.internal.util.Version <clinit>
INFO: HV000001: Hibernate Validator 8.0.0.Final
]]></system-err>
</testsuite>
