<?xml version="1.0" encoding="UTF-8"?>
<testsuite name="labs.SalonYearServiceTest" tests="1" skipped="0" failures="0" errors="0" timestamp="2022-11-02T19:54:45" hostname="DESKTOP-M0PBPS3" time="0.016">
  <properties/>
  <testcase name="testBetweenYears" classname="labs.SalonYearServiceTest" time="0.016"/>
  <system-out><![CDATA[]]></system-out>
  <system-err><![CDATA[]]></system-err>
</testsuite>
