<?xml version="1.0" encoding="UTF-8"?>
<testsuite name="lab1.serializer.JSONSerializerTest" tests="1" skipped="0" failures="0" errors="0" timestamp="2022-10-07T08:07:44" hostname="DESKTOP-M0PBPS3" time="0.122">
  <properties/>
  <testcase name="jsonCarListFromFile" classname="lab1.serializer.JSONSerializerTest" time="0.122"/>
  <system-out><![CDATA[]]></system-out>
  <system-err><![CDATA[]]></system-err>
</testsuite>
